<?xml version="1.0" encoding="UTF-8"?>
<testng-results ignored="0" total="1" passed="1" failed="0" skipped="0">
  <reporter-output>
  </reporter-output>
  <suite started-at="2025-06-10T11:42:38 IST" name="Suite" finished-at="2025-06-10T11:42:44 IST" duration-ms="6446">
    <groups>
      <group name="Master">
        <method signature="TC_002_LoginTest.verifylogin()[pri:0, instance:testcases.TC_002_LoginTest@30e868be]" name="verifylogin" class="testcases.TC_002_LoginTest"/>
      </group> <!-- Master -->
      <group name="Sanity">
        <method signature="TC_002_LoginTest.verifylogin()[pri:0, instance:testcases.TC_002_LoginTest@30e868be]" name="verifylogin" class="testcases.TC_002_LoginTest"/>
      </group> <!-- Sanity -->
    </groups>
    <test started-at="2025-06-10T11:42:38 IST" name="Test" finished-at="2025-06-10T11:42:44 IST" duration-ms="6446">
      <class name="testcases.TC_002_LoginTest">
        <test-method is-config="true" signature="setup(java.lang.String,java.lang.String)[pri:0, instance:testcases.TC_002_LoginTest@30e868be]" started-at="2025-06-10T11:42:38 IST" name="setup" finished-at="2025-06-10T11:42:43 IST" duration-ms="4449" status="PASS">
          <params>
            <param index="0">
              <value>
                <![CDATA[Windows]]>
              </value>
            </param>
            <param index="1">
              <value>
                <![CDATA[chrome]]>
              </value>
            </param>
          </params>
          <reporter-output>
          </reporter-output>
        </test-method> <!-- setup -->
        <test-method signature="verifylogin()[pri:0, instance:testcases.TC_002_LoginTest@30e868be]" started-at="2025-06-10T11:42:43 IST" name="verifylogin" finished-at="2025-06-10T11:42:44 IST" duration-ms="1477" status="PASS">
          <reporter-output>
          </reporter-output>
        </test-method> <!-- verifylogin -->
        <test-method is-config="true" signature="tearDown()[pri:0, instance:testcases.TC_002_LoginTest@30e868be]" started-at="2025-06-10T11:42:44 IST" name="tearDown" finished-at="2025-06-10T11:42:44 IST" duration-ms="249" status="PASS">
          <reporter-output>
          </reporter-output>
        </test-method> <!-- tearDown -->
      </class> <!-- testcases.TC_002_LoginTest -->
    </test> <!-- Test -->
  </suite> <!-- Suite -->
</testng-results>
