<?xml version="1.0" encoding="UTF-8"?>
<testng-results ignored="0" total="1" passed="1" failed="0" skipped="0">
  <reporter-output>
  </reporter-output>
  <suite started-at="2025-06-09T12:43:27 IST" name="Failed suite [Suite]" finished-at="2025-06-09T12:43:40 IST" duration-ms="12803">
    <groups>
      <group name="Master">
        <method signature="TC_002_LoginTest.verifylogin()[pri:0, instance:testcases.TC_002_LoginTest@3a0baae5]" name="verifylogin" class="testcases.TC_002_LoginTest"/>
      </group> <!-- Master -->
      <group name="Sanity">
        <method signature="TC_002_LoginTest.verifylogin()[pri:0, instance:testcases.TC_002_LoginTest@3a0baae5]" name="verifylogin" class="testcases.TC_002_LoginTest"/>
      </group> <!-- Sanity -->
    </groups>
    <test started-at="2025-06-09T12:43:27 IST" name="Test(failed)" finished-at="2025-06-09T12:43:40 IST" duration-ms="12803">
      <class name="testcases.TC_002_LoginTest">
        <test-method is-config="true" signature="setup(java.lang.String,java.lang.String)[pri:0, instance:testcases.TC_002_LoginTest@3a0baae5]" started-at="2025-06-09T12:43:28 IST" name="setup" finished-at="2025-06-09T12:43:36 IST" duration-ms="8356" status="PASS">
          <params>
            <param index="0">
              <value>
                <![CDATA[Windows]]>
              </value>
            </param>
            <param index="1">
              <value>
                <![CDATA[chrome]]>
              </value>
            </param>
          </params>
          <reporter-output>
          </reporter-output>
        </test-method> <!-- setup -->
        <test-method signature="verifylogin()[pri:0, instance:testcases.TC_002_LoginTest@3a0baae5]" started-at="2025-06-09T12:43:36 IST" name="verifylogin" finished-at="2025-06-09T12:43:40 IST" duration-ms="3605" status="PASS">
          <reporter-output>
          </reporter-output>
        </test-method> <!-- verifylogin -->
        <test-method is-config="true" signature="tearDown()[pri:0, instance:testcases.TC_002_LoginTest@3a0baae5]" started-at="2025-06-09T12:43:40 IST" name="tearDown" finished-at="2025-06-09T12:43:40 IST" duration-ms="274" status="PASS">
          <reporter-output>
          </reporter-output>
        </test-method> <!-- tearDown -->
      </class> <!-- testcases.TC_002_LoginTest -->
    </test> <!-- Test(failed) -->
  </suite> <!-- Failed suite [Suite] -->
</testng-results>
